0 info it worked if it ends with ok
1 verbose cli [ '/usr/local/bin/node',
1 verbose cli   '/usr/local/bin/npm',
1 verbose cli   'install',
1 verbose cli   '-g',
1 verbose cli   'n' ]
2 info using npm@2.5.1
3 info using node@v0.12.0
4 verbose node symlink /usr/local/bin/node
5 silly cache add args [ 'n', null ]
6 verbose cache add spec n
7 silly cache add parsed spec { raw: 'n',
7 silly cache add   scope: null,
7 silly cache add   name: 'n',
7 silly cache add   rawSpec: '',
7 silly cache add   spec: '*',
7 silly cache add   type: 'range' }
8 verbose addNamed n@*
9 silly addNamed semver.valid null
10 silly addNamed semver.validRange *
11 silly addNameRange { name: 'n', range: '*', hasData: false }
12 silly mapToRegistry name n
13 silly mapToRegistry using default registry
14 silly mapToRegistry registry https://registry.npmjs.org/
15 silly mapToRegistry uri https://registry.npmjs.org/n
16 verbose addNameRange registry:https://registry.npmjs.org/n not in flight; fetching
17 verbose request uri https://registry.npmjs.org/n
18 verbose request no auth needed
19 info attempt registry request try #1 at 11:22:25 AM
20 verbose request id f83ce5c36c34638f
21 verbose etag "2C8UR2DVR6O510VS65MGRTQ36"
22 http request GET https://registry.npmjs.org/n
23 http 304 https://registry.npmjs.org/n
24 silly get cb [ 304,
24 silly get   { date: 'Wed, 11 May 2016 10:21:58 GMT',
24 silly get     via: '1.1 varnish',
24 silly get     'cache-control': 'max-age=300',
24 silly get     etag: '"2C8UR2DVR6O510VS65MGRTQ36"',
24 silly get     age: '214',
24 silly get     connection: 'keep-alive',
24 silly get     'x-served-by': 'cache-lhr6330-LHR',
24 silly get     'x-cache': 'HIT',
24 silly get     'x-cache-hits': '1',
24 silly get     'x-timer': 'S1462962118.326933,VS0,VE0',
24 silly get     vary: 'Accept-Encoding' } ]
25 verbose etag https://registry.npmjs.org/n from cache
26 verbose get saving n to /Users/c2349192/.npm/registry.npmjs.org/n/.cache.json
27 silly addNameRange number 2 { name: 'n', range: '*', hasData: true }
28 silly addNameRange versions [ 'n',
28 silly addNameRange   [ '0.0.1',
28 silly addNameRange     '0.0.2',
28 silly addNameRange     '0.0.3',
28 silly addNameRange     '0.0.4',
28 silly addNameRange     '0.1.0',
28 silly addNameRange     '0.1.1',
28 silly addNameRange     '0.1.2',
28 silly addNameRange     '0.2.0',
28 silly addNameRange     '0.2.1',
28 silly addNameRange     '0.2.2',
28 silly addNameRange     '0.3.0',
28 silly addNameRange     '0.4.0',
28 silly addNameRange     '0.4.1',
28 silly addNameRange     '0.4.2',
28 silly addNameRange     '0.5.0',
28 silly addNameRange     '0.5.1',
28 silly addNameRange     '0.5.2',
28 silly addNameRange     '0.5.3',
28 silly addNameRange     '0.5.4',
28 silly addNameRange     '0.6.0',
28 silly addNameRange     '0.6.1',
28 silly addNameRange     '0.7.0',
28 silly addNameRange     '0.7.1',
28 silly addNameRange     '0.7.2',
28 silly addNameRange     '0.7.3',
28 silly addNameRange     '0.8.0',
28 silly addNameRange     '0.8.1',
28 silly addNameRange     '0.8.2',
28 silly addNameRange     '0.9.0',
28 silly addNameRange     '0.9.1',
28 silly addNameRange     '0.9.2',
28 silly addNameRange     '0.9.3',
28 silly addNameRange     '1.0.0',
28 silly addNameRange     '1.1.0',
28 silly addNameRange     '1.2.1',
28 silly addNameRange     '1.2.2',
28 silly addNameRange     '1.2.3',
28 silly addNameRange     '1.2.4',
28 silly addNameRange     '1.2.5',
28 silly addNameRange     '1.2.6',
28 silly addNameRange     '1.2.7',
28 silly addNameRange     '1.2.8',
28 silly addNameRange     '1.2.9',
28 silly addNameRange     '1.2.11',
28 silly addNameRange     '1.2.13',
28 silly addNameRange     '1.2.14',
28 silly addNameRange     '1.3.0',
28 silly addNameRange     '1.4.0',
28 silly addNameRange     '2.0.0',
28 silly addNameRange     '1.4.1',
28 silly addNameRange     '2.0.1',
28 silly addNameRange     '1.4.2',
28 silly addNameRange     '2.0.2',
28 silly addNameRange     '2.1.0' ] ]
29 verbose addNamed n@2.1.0
30 silly addNamed semver.valid 2.1.0
31 silly addNamed semver.validRange 2.1.0
32 silly cache afterAdd n@2.1.0
33 verbose afterAdd /Users/c2349192/.npm/n/2.1.0/package/package.json not in flight; writing
34 verbose afterAdd /Users/c2349192/.npm/n/2.1.0/package/package.json written
35 silly install resolved [ { name: 'n',
35 silly install resolved     description: 'Interactively Manage All Your Node Versions',
35 silly install resolved     version: '2.1.0',
35 silly install resolved     author: { name: 'TJ Holowaychuk', email: 'tj@vision-media.ca' },
35 silly install resolved     homepage: 'https://github.com/tj/n',
35 silly install resolved     bugs: { url: 'https://github.com/tj/n/issues' },
35 silly install resolved     contributors: [ [Object], [Object], [Object] ],
35 silly install resolved     keywords:
35 silly install resolved      [ 'nvm',
35 silly install resolved        'node',
35 silly install resolved        'version',
35 silly install resolved        'manager',
35 silly install resolved        'switcher',
35 silly install resolved        'node',
35 silly install resolved        'binary',
35 silly install resolved        'env' ],
35 silly install resolved     bin: { n: './bin/n' },
35 silly install resolved     repository: { type: 'git', url: 'git://github.com/tj/n.git' },
35 silly install resolved     preferGlobal: true,
35 silly install resolved     os: [ '!win32' ],
35 silly install resolved     engines: { node: '*' },
35 silly install resolved     license: 'MIT',
35 silly install resolved     gitHead: '17ef0bf936c9ddb57b174d79f81ae04d8257883e',
35 silly install resolved     _id: 'n@2.1.0',
35 silly install resolved     scripts: {},
35 silly install resolved     _shasum: '4fc736dc18291e464c79fda9ef8faf21e6e1a679',
35 silly install resolved     _from: 'n@*',
35 silly install resolved     _npmVersion: '3.3.12',
35 silly install resolved     _nodeVersion: '5.3.0',
35 silly install resolved     _npmUser: { name: 'qw3rtman', email: 'me@nimit.io' },
35 silly install resolved     dist:
35 silly install resolved      { shasum: '4fc736dc18291e464c79fda9ef8faf21e6e1a679',
35 silly install resolved        tarball: 'https://registry.npmjs.org/n/-/n-2.1.0.tgz' },
35 silly install resolved     maintainers: [ [Object], [Object], [Object], [Object], [Object], [Object] ],
35 silly install resolved     directories: {},
35 silly install resolved     _resolved: 'https://registry.npmjs.org/n/-/n-2.1.0.tgz',
35 silly install resolved     readme: 'ERROR: No README data found!' } ]
36 info install n@2.1.0 into /usr/local/lib
37 info installOne n@2.1.0
38 verbose installOne of n to /usr/local/lib not in flight; installing
39 verbose lock using /Users/c2349192/.npm/_locks/n-a01478239d85533e.lock for /usr/local/lib/node_modules/n
40 silly install write writing n 2.1.0 to /usr/local/lib/node_modules/n
41 silly cache addNamed cb n@2.1.0
42 verbose unbuild lib/node_modules/n
43 info preuninstall n@2.1.0
44 info uninstall n@2.1.0
45 verbose unbuild rmStuff n@2.1.0 from /usr/local/lib/node_modules
46 verbose gentlyRm verifying that /usr/local is managed by npm
47 silly isManaged /usr/local is not inside /usr/local/lib/node_modules
48 silly isManaged /usr/local is not inside /usr/local/lib/node_modules
49 silly isManaged /usr/local/bin is inside /usr/local
50 silly gentlyRm /usr/local is managed by npm
51 silly gentlyRm /usr/local/bin/n is under /usr/local
52 verbose gentlyRm vacuuming /usr/local/bin/n up to /usr/local
53 silly gentlyRm removing /usr/local/bin/n
54 silly gentlyRm quitting because other entries in /usr/local/bin
55 info postuninstall n@2.1.0
56 verbose gentlyRm vacuuming /usr/local/lib/node_modules/n
57 silly gentlyRm purging /usr/local/lib/node_modules/n
58 verbose unlock done using /Users/c2349192/.npm/_locks/n-a01478239d85533e.lock for /usr/local/lib/node_modules/n
59 verbose stack Error: EACCES, unlink '/usr/local/lib/node_modules/n/bin'
59 verbose stack     at Error (native)
60 verbose cwd /Users/c2349192/git/java-playground/protractor
61 error Darwin 15.4.0
62 error argv "/usr/local/bin/node" "/usr/local/bin/npm" "install" "-g" "n"
63 error node v0.12.0
64 error npm  v2.5.1
65 error path /usr/local/lib/node_modules/n/bin
66 error code EACCES
67 error errno -13
68 error Error: EACCES, unlink '/usr/local/lib/node_modules/n/bin'
68 error     at Error (native)
68 error  { [Error: EACCES, unlink '/usr/local/lib/node_modules/n/bin']
68 error   errno: -13,
68 error   code: 'EACCES',
68 error   path: '/usr/local/lib/node_modules/n/bin' }
69 error Please try running this command again as root/Administrator.
70 verbose exit [ -13, true ]
71 verbose unbuild lib/node_modules/n
72 info preuninstall n@2.1.0
73 info uninstall n@2.1.0
74 verbose unbuild rmStuff n@2.1.0 from /usr/local/lib/node_modules
75 verbose gentlyRm verifying that /usr/local is managed by npm
76 silly isManaged /usr/local is not inside /usr/local/lib/node_modules
77 silly isManaged /usr/local is not inside /usr/local/lib/node_modules
78 silly isManaged /usr/local is not inside /usr/local/bin
79 silly isManaged /usr/local is inside /usr/local
80 silly gentlyRm /usr/local is managed by npm
81 silly gentlyRm /usr/local/bin/n is under /usr/local
82 verbose gentlyRm vacuuming /usr/local/bin/n up to /usr/local
83 info postuninstall n@2.1.0
84 verbose gentlyRm vacuuming /usr/local/lib/node_modules/n
85 silly gentlyRm purging /usr/local/lib/node_modules/n
86 error error rolling back Error: EACCES, unlink '/usr/local/lib/node_modules/n/Makefile'
86 error error rolling back     at Error (native)
86 error error rolling back  { [Error: EACCES, unlink '/usr/local/lib/node_modules/n/Makefile']
86 error error rolling back   errno: -13,
86 error error rolling back   code: 'EACCES',
86 error error rolling back   path: '/usr/local/lib/node_modules/n/Makefile' }
